Bug_Venture_App/app/build/outputs/mapping/release/seeds.txt
com.example.bug_venture_app.completed: completed()
com.example.bug_venture_app.MainActivity: MainActivity()
com.example.bug_venture_app.Main2Activity
com.example.bug_venture_app.Twist
com.example.bug_venture_app.army_description
com.example.bug_venture_app.Main3Activity
com.example.bug_venture_app.Situation_Ques
com.example.bug_venture_app.MajorChoice: MajorChoice()
com.example.bug_venture_app.Situation_Ques: void on_click_bt1(android.view.View)
com.example.bug_venture_app.MajorChoice
com.example.bug_venture_app.army_description: army_description()
com.example.bug_venture_app.detective_description
com.example.bug_venture_app.Sit_Ques_Disp: Sit_Ques_Disp()
com.example.bug_venture_app.Debug_question: Debug_question()
com.example.bug_venture_app.Debug_question: void on_click(android.view.View)
com.example.bug_venture_app.Situation_Ques: Situation_Ques()
com.example.bug_venture_app.Twist: Twist()
com.example.bug_venture_app.Time_up: Time_up()
com.example.bug_venture_app.MajorChoice: void on_click_dete(android.view.View)
com.example.bug_venture_app.MainActivity
com.example.bug_venture_app.Main2Activity: Main2Activity()
com.example.bug_venture_app.completed
com.example.bug_venture_app.Situation_Ques: void on_click_bt2(android.view.View)
com.example.bug_venture_app.detective_description: detective_description()
com.example.bug_venture_app.Debug_question
com.example.bug_venture_app.Final_Activity
com.example.bug_venture_app.Main3Activity: Main3Activity()
com.example.bug_venture_app.Final_Activity: Final_Activity()
com.example.bug_venture_app.Time_up
com.example.bug_venture_app.Main4Activity: Main4Activity()
com.example.bug_venture_app.Main4Activity
com.example.bug_venture_app.Sit_Ques_Disp
com.example.bug_venture_app.MajorChoice: void on_click_army(android.view.View)
...
androidx.appcompat.R$styleable: int GradientColor_android_startY
androidx.appcompat.R$style: int ThemeOverlay_AppCompat_ActionBar
androidx.appcompat.R$attr: int titleMarginEnd
androidx.appcompat.R$styleable: int ViewStubCompat_android_inflatedId
androidx.appcompat.R$attr: int ratingBarStyleSmall
androidx.appcompat.R$style: int TextAppearance_AppCompat_Large
com.google.android.gms.measurement.AppMeasurement: java.lang.String getCurrentScreenName()
androidx.core.R$id: int accessibility_custom_action_12
com.google.firebase.provider.FirebaseInitProvider: FirebaseInitProvider()
androidx.appcompat.widget.AppCompatImageButton: android.content.res.ColorStateList getSupportBackgroundTintList()
androidx.appcompat.R$style: int Base_Widget_AppCompat_ButtonBar_AlertDialog
androidx.appcompat.resources.R$styleable: int AnimatedStateListDrawableCompat_android_visible
androidx.appcompat.R$style: int Base_V26_Theme_AppCompat_Light
androidx.appcompat.R$styleable: int AppCompatTheme_colorSwitchThumbNormal
androidx.constraintlayout.widget.R$styleable: int ConstraintLayout_Layout_layout_constraintVertical_chainStyle
androidx.constraintlayout.widget.R$styleable: int ConstraintLayout_Layout_layout_constraintStart_toEndOf
androidx.constraintlayout.widget.R$styleable: int ConstraintLayout_Layout_layout_constraintBaseline_toBaselineOf
androidx.appcompat.widget.AppCompatImageView: void setSupportImageTintMode(android.graphics.PorterDuff$Mode)
androidx.appcompat.R$layout: int abc_action_menu_layout
androidx.constraintlayout.widget.R$styleable: int ConstraintSet_android_alpha
androidx.appcompat.R$style: int Widget_AppCompat_AutoCompleteTextView
androidx.vectordrawable.graphics.drawable.VectorDrawableCompat$VPathRenderer: float getAlpha()
androidx.appcompat.resources.R$styleable: int GradientColor_android_endX
androidx.constraintlayout.widget.R$styleable: int ConstraintLayout_Layout_layout_constraintLeft_toLeftOf
androidx.constraintlayout.widget.R$styleable: int ConstraintLayout_Layout_layout_constraintHeight_max
androidx.appcompat.R$style: int Base_V23_Theme_AppCompat
androidx.appcompat.widget.SearchView: void setAppSearchData(android.os.Bundle)
androidx.appcompat.R$styleable: int SearchView_closeIcon
com.google.android.gms.base.R$drawable: int common_google_signin_btn_text_disabled
com.google.android.gms.common.api.GoogleApiActivity: GoogleApiActivity()
androidx.appcompat.widget.AppCompatImageButton: void setBackgroundDrawable(android.graphics.drawable.Drawable)
androidx.appcompat.R$style: int Widget_AppCompat_ActionBar_Solid
androidx.vectordrawable.graphics.drawable.VectorDrawableCompat$VectorDrawableCompatState: int getChangingConfigurations()
androidx.constraintlayout.widget.ConstraintLayout: int getMaxHeight()
androidx.constraintlayout.widget.R$styleable: int ConstraintLayout_Layout_layout_constraintHeight_percent
androidx.appcompat.R$layout: int abc_screen_simple
androidx.constraintlayout.widget.R$styleable: int ConstraintLayout_Layout_layout_constraintEnd_toEndOf
androidx.appcompat.R$style: int Theme_AppCompat_DialogWhenLarge
androidx.appcompat.R$attr: int actionModePopupWindowStyle
androidx.constraintlayout.widget.R$styleable: int ConstraintSet_layout_constraintTop_toBottomOf
androidx.appcompat.R$styleable: int AppCompatTextView_drawableEndCompat
androidx.appcompat.view.menu.ListMenuItemView: void setCheckable(boolean)
com.google.android.gms.internal.measurement.zzbv$zzd$zza: com.google.android.gms.internal.measurement.zzbv$zzd$zza[] values()
com.google.android.gms.measurement.AppMeasurement$ConditionalUserProperty: java.lang.String mOrigin
androidx.appcompat.R$attr: int windowMinWidthMajor
androidx.appcompat.R$styleable: int AppCompatTheme_actionBarTabBarStyle
com.google.android.gms.internal.measurement.zzcd$zzg: int zzq
com.google.android.gms.internal.measurement.zzbv$zzf$zzb: com.google.android.gms.internal.measurement.zzbv$zzf$zzb[] values()
androidx.appcompat.R$color: int background_floating_material_light