Bug_Venture_App/app/build/outputs/mapping/release/mapping.txt
# compiler: R8
# compiler_version: 2.0.88
# min_api: 21
# pg_map_id: 7fb00a6
# common_typos_disable
com.example.bug_venture_app.-$$Lambda$cfwqIEDg0Z3A7MGDNrQPTyjrF9M -> b.b.a.a:
    com.example.bug_venture_app.-$$Lambda$cfwqIEDg0Z3A7MGDNrQPTyjrF9M INSTANCE -> a
com.example.bug_venture_app.-$$Lambda$completed$6lMv5vgamjJfSLlJilAGPKf87Ds -> b.b.a.b:
    com.example.bug_venture_app.-$$Lambda$completed$6lMv5vgamjJfSLlJilAGPKf87Ds INSTANCE -> a
com.example.bug_venture_app.-$$Lambda$jG2NNGTMTYMq0_1k3YCqq5uScrQ -> b.b.a.c:
    com.example.bug_venture_app.-$$Lambda$jG2NNGTMTYMq0_1k3YCqq5uScrQ INSTANCE -> a
com.example.bug_venture_app.-$$Lambda$tK6mXZQ_vFdAkJI6Vrobki55MTo -> b.b.a.d:
    com.example.bug_venture_app.-$$Lambda$tK6mXZQ_vFdAkJI6Vrobki55MTo INSTANCE -> a
com.example.bug_venture_app.Debug_question -> com.example.bug_venture_app.Debug_question:
    android.widget.RadioButton rd8 -> w
    android.widget.TextView textView2 -> q
    android.widget.TextView q_no -> s
    android.widget.RadioButton rd5 -> t
    android.widget.TextView question -> r
    android.widget.RadioButton rd7 -> v
    android.widget.RadioButton rd6 -> u
    android.widget.Button next -> p
    com.example.bug_venture_app.QuizQuestion current_question -> B
    android.os.CountDownTimer countDownTimer -> A
    java.lang.String select -> x
    int progress_status -> z
    java.lang.String TAG -> C
    android.widget.ProgressBar progressBar -> y
    1:1:int com.example.bug_venture_app.QidStoreDebug.getQ_id():0:0 -> onCreate
    1:1:void onCreate(android.os.Bundle):0 -> onCreate
    2:2:void onCreate(android.os.Bundle):0:0 -> onCreate
    3:3:int com.example.bug_venture_app.QidStoreDebug.getQ_id():0:0 -> onCreate
    3:3:void onCreate(android.os.Bundle):0 -> onCreate
    4:4:void onCreate(android.os.Bundle):0:0 -> onCreate
    5:5:int com.example.bug_venture_app.QidStoreDebug.getQ_id():0:0 -> onCreate
    5:5:void onCreate(android.os.Bundle):0 -> onCreate
    6:6:void onCreate(android.os.Bundle):0:0 -> onCreate
    7:7:void updateQueAndOptions():0:0 -> onCreate
    7:7:void onCreate(android.os.Bundle):0 -> onCreate
    8:8:java.lang.String com.example.bug_venture_app.QuizQuestion.getQuestion():0:0 -> onCreate
    8:8:void updateQueAndOptions():0 -> onCreate
com.example.bug_venture_app.Debug_question$1 -> com.example.bug_venture_app.Debug_question$a:
    com.example.bug_venture_app.Debug_question this$0 -> b
    1:1:java.lang.String com.example.bug_venture_app.QuizQuestion.getAnswer():0:0 -> onClick
    1:1:void onClick(android.view.View):0 -> onClick
    2:2:void onClick(android.view.View):0:0 -> onClick
    3:3:int com.example.bug_venture_app.QidStoreDebug.getQ_id():0:0 -> onClick
    3:3:void onClick(android.view.View):0 -> onClick
    4:4:void onClick(android.view.View):0:0 -> onClick
    5:5:int com.example.bug_venture_app.QidStoreDebug.getQ_id():0:0 -> onClick
    5:5:void onClick(android.view.View):0 -> onClick
    6:6:void onClick(android.view.View):0:0 -> onClick
com.example.bug_venture_app.Debug_question$2 -> com.example.bug_venture_app.Debug_question$b:
    com.example.bug_venture_app.Debug_question this$0 -> a
    1:1:java.lang.String com.example.bug_venture_app.QuizQuestion.getAnswer():0:0 -> onFinish
    1:1:void onFinish():0 -> onFinish
    2:2:void onFinish():0:0 -> onFinish
    3:3:int com.example.bug_venture_app.QidStoreDebug.getQ_id():0:0 -> onFinish
    3:3:void onFinish():0 -> onFinish
    4:4:void onFinish():0:0 -> onFinish
    5:5:int com.example.bug_venture_app.QidStoreDebug.getQ_id():0:0 -> onFinish
    5:5:void onFinish():0 -> onFinish
    6:6:void onFinish():0:0 -> onFinish
com.example.bug_venture_app.Final_Activity -> com.example.bug_venture_app.Final_Activity:
    android.widget.TextView unique_generated -> q
    android.widget.TextView email -> p
    android.widget.TextView time -> r
...
androidx.core.graphics.drawable.IconCompatParcelizer -> androidx.core.graphics.drawable.IconCompatParcelizer:
    1:1:byte[] androidx.versionedparcelable.VersionedParcel.readByteArray(byte[],int):0:0 -> read
    1:1:androidx.core.graphics.drawable.IconCompat read(androidx.versionedparcelable.VersionedParcel):0 -> read
    2:2:byte[] androidx.versionedparcelable.VersionedParcelParcel.readByteArray():0:0 -> read
    2:2:byte[] androidx.versionedparcelable.VersionedParcel.readByteArray(byte[],int):0 -> read
    2:2:androidx.core.graphics.drawable.IconCompat read(androidx.versionedparcelable.VersionedParcel):0 -> read
    3:3:androidx.core.graphics.drawable.IconCompat read(androidx.versionedparcelable.VersionedParcel):0:0 -> read
    4:4:java.lang.String androidx.versionedparcelable.VersionedParcel.readString(java.lang.String,int):0:0 -> read
    4:4:androidx.core.graphics.drawable.IconCompat read(androidx.versionedparcelable.VersionedParcel):0 -> read
    5:5:java.lang.String androidx.versionedparcelable.VersionedParcelParcel.readString():0:0 -> read
    5:5:java.lang.String androidx.versionedparcelable.VersionedParcel.readString(java.lang.String,int):0 -> read
    5:5:androidx.core.graphics.drawable.IconCompat read(androidx.versionedparcelable.VersionedParcel):0 -> read
    6:6:androidx.core.graphics.drawable.IconCompat read(androidx.versionedparcelable.VersionedParcel):0:0 -> read
    7:7:void androidx.core.graphics.drawable.IconCompat.onPostParceling():0:0 -> read
androidx.core.graphics.drawable.TintAwareDrawable -> a.f.f.k.a:
androidx.core.graphics.drawable.WrappedDrawable -> a.f.f.k.b:
    android.graphics.drawable.Drawable getWrappedDrawable() -> a
    void setWrappedDrawable(android.graphics.drawable.Drawable) -> b
androidx.core.graphics.drawable.WrappedDrawableApi14 -> a.f.f.k.c:
    android.graphics.drawable.Drawable mDrawable -> g
    android.graphics.PorterDuff$Mode DEFAULT_TINT_MODE -> h
    androidx.core.graphics.drawable.WrappedDrawableState mState -> e
    boolean mMutated -> f
    android.graphics.PorterDuff$Mode mCurrentMode -> c
    int mCurrentColor -> b
    boolean mColorFilterSet -> d
    1:1:androidx.core.graphics.drawable.WrappedDrawableState mutateConstantState():0:0 -> <init>
    1:1:void <init>(android.graphics.drawable.Drawable):0 -> <init>
    2:2:void <init>(android.graphics.drawable.Drawable):0:0 -> <init>
    3:3:void updateLocalState(android.content.res.Resources):0:0 -> <init>
    3:3:void <init>(androidx.core.graphics.drawable.WrappedDrawableState,android.content.res.Resources):0 -> <init>
    android.graphics.drawable.Drawable getWrappedDrawable() -> a
    void setWrappedDrawable(android.graphics.drawable.Drawable) -> b
    boolean isCompatTintEnabled() -> c
    boolean updateTint(int[]) -> d
    1:1:boolean androidx.core.graphics.drawable.WrappedDrawableState.canConstantState():0:0 -> getConstantState
    1:1:android.graphics.drawable.Drawable$ConstantState getConstantState():0 -> getConstantState
    2:2:android.graphics.drawable.Drawable$ConstantState getConstantState():0:0 -> getConstantState
    1:1:androidx.core.graphics.drawable.WrappedDrawableState mutateConstantState():0:0 -> mutate
    1:1:android.graphics.drawable.Drawable mutate():0 -> mutate