Bug_Venture_App/app/build/outputs/mapping/release/usage.txt
com.example.bug_venture_app.disp_ques_sit_opt_helper:
    private static final java.lang.String DB_NAME
    private static final int DB_VERSION
    private static final java.lang.String TABLE_NAME
    private static final java.lang.String UID
    private static final java.lang.String DISPLAY
    private static final java.lang.String CREATE_TABLE
    private static final java.lang.String DROP_TABLE
com.example.bug_venture_app.R$color
com.example.bug_venture_app.R$integer
com.example.bug_venture_app.R$id
com.example.bug_venture_app.R$interpolator
com.example.bug_venture_app.R$drawable
com.example.bug_venture_app.Question_Helper:
    private static final java.lang.String DB_NAME
    private static final int DB_VERSION
    private static final java.lang.String TABLE_NAME
    private static final java.lang.String UID
    private static final java.lang.String QUESTION
    private static final java.lang.String OPTA
    private static final java.lang.String OPTB
    private static final java.lang.String OPTC
    private static final java.lang.String OPTD
    private static final java.lang.String ANSWER
    private static final java.lang.String CREATE_TABLE
    private static final java.lang.String DROP_TABLE
com.example.bug_venture_app.R$layout
com.example.bug_venture_app.Qid_Sit:
    public void <init>()
com.example.bug_venture_app.R$style
com.example.bug_venture_app.R
com.example.bug_venture_app.score:
    public void <init>()
com.example.bug_venture_app.BuildConfig
com.example.bug_venture_app.QidStoreDebug:
    public void <init>()
com.example.bug_venture_app.R$string
com.example.bug_venture_app.R$bool
com.example.bug_venture_app.Sit_Opt_Helper:
    private android.content.Context context
    private static final java.lang.String DB_NAME
    private static final int DB_VERSION
    private static final java.lang.String TABLE_NAME
    private static final java.lang.String UID
    private static final java.lang.String OPTION1
    private static final java.lang.String OPTION2
    private static final java.lang.String CREATE_TABLE
    private static final java.lang.String DROP_TABLE
com.example.bug_venture_app.Main4Activity:
    com.google.firebase.auth.FirebaseAuth auth
    private com.google.firebase.auth.FirebaseAuth$AuthStateListener authStateListener
com.example.bug_venture_app.R$dimen
com.example.bug_venture_app.R$styleable
com.example.bug_venture_app.R$mipmap
com.example.bug_venture_app.Ques_Sit_Helper:
    private android.content.Context context
    private static final java.lang.String DB_NAME
    private static final int DB_VERSION
    private static final java.lang.String TABLE_NAME
    private static final java.lang.String UID
    private static final java.lang.String QUESTION
    private static final java.lang.String CREATE_TABLE
    private static final java.lang.String DROP_TABLE
com.example.bug_venture_app.R$anim
com.example.bug_venture_app.R$attr
com.example.bug_venture_app.disp_ques_sit_opt_helper:
    public void allQuestion()
    public final void addAllQuestions(java.util.ArrayList)
    public android.content.Context context
com.example.bug_venture_app.Question_Helper:
    public void allQuestion()
    public final void addAllQuestions(java.util.ArrayList)
    public android.content.Context context
com.example.bug_venture_app.sit_abv_opt_ques:
    public java.lang.String getDisplay()
    public void setId(int)
    public void setDisplay(java.lang.String)
    public int id
...
com.google.firebase.installations.InstallationTokenResult$Builder
com.google.firebase.auth.SignInMethodQueryResult
androidx.appcompat.widget.ShareActionProvider$ShareMenuItemOnMenuItemClickListener
androidx.customview.widget.FocusStrategy$SequentialComparator
com.google.firebase.auth.api.internal.zzft
androidx.core.view.accessibility.AccessibilityNodeProviderCompat$AccessibilityNodeProviderApi19
androidx.viewpager.widget.PagerAdapter
com.google.firebase.auth.OAuthProvider
androidx.appcompat.widget.ToolbarWidgetWrapper:
    private void ensureSpinner()
    public java.lang.CharSequence getSubtitle()
    public boolean hasIcon()
    public boolean hasLogo()
    public boolean hasEmbeddedTabs()
    public boolean isTitleTruncated()
    public void setNavigationMode(int)
    public void setDropdownParams(android.widget.SpinnerAdapter,android.widget.AdapterView$OnItemSelectedListener)
    public void setDropdownSelectedPosition(int)
    public int getDropdownSelectedPosition()
    public int getDropdownItemCount()
    public android.view.View getCustomView()
    public void animateToVisibility(int)
    public void setNavigationIcon(int)
    public void setDefaultNavigationIcon(android.graphics.drawable.Drawable)
    public void saveHierarchyState(android.util.SparseArray)
    public void restoreHierarchyState(android.util.SparseArray)
    public void setBackgroundDrawable(android.graphics.drawable.Drawable)
    public int getHeight()
    public int getVisibility()
    public void setMenuCallbacks(androidx.appcompat.view.menu.MenuPresenter$Callback,androidx.appcompat.view.menu.MenuBuilder$Callback)
    public android.view.Menu getMenu()
    private android.widget.Spinner mSpinner
    private static final java.lang.String TAG
    private static final int AFFECTS_LOGO_MASK
    private static final long DEFAULT_FADE_DURATION_MS
com.google.android.gms.internal.measurement.zzjw
com.google.android.gms.common.util.CrashUtils:
    public void <init>()
com.google.firebase.R
com.google.firebase.auth.api.internal.zzeq
androidx.appcompat.app.AppCompatDelegateImpl$ConfigurationImplApi24:
    private void <init>()
com.google.android.gms.internal.firebase_auth.zzhm
com.google.android.gms.common.util.ProcessUtils:
    private void <init>()
androidx.drawerlayout.widget.DrawerLayout$ChildAccessibilityDelegate
androidx.constraintlayout.solver.SolverVariable$1
com.google.android.gms.common.util.HexDumpUtils
com.google.android.gms.common.internal.safeparcel.SafeParcelable$Field
androidx.drawerlayout.R$layout
com.google.android.gms.internal.firebase_auth.zzcf
com.google.android.gms.common.api.internal.zabd
com.google.android.gms.internal.measurement.zzq:
    public void <init>()
com.google.android.gms.common.GooglePlayServicesRepairableException
com.google.android.gms.common.api.Response
com.google.android.gms.internal.firebase_auth.zzig$zza
androidx.appcompat.resources.R$styleable:
    private void <init>()
androidx.core.provider.FontsContractCompat$Columns
com.google.android.gms.measurement.api.AppMeasurementSdk$ConditionalUserProperty